#
# There is insufficient memory for the Java Runtime Environment to continue.
# Native memory allocation (malloc) failed to allocate 1689440 bytes for Chunk::new
# Possible reasons:
#   The system is out of physical RAM or swap space
#   The process is running with CompressedOops enabled, and the Java Heap may be blocking the growth of the native heap
# Possible solutions:
#   Reduce memory load on the system
#   Increase physical memory or swap space
#   Check if swap backing store is full
#   Decrease Java heap size (-Xmx/-Xms)
#   Decrease number of Java threads
#   Decrease Java thread stack sizes (-Xss)
#   Set larger code cache with -XX:ReservedCodeCacheSize=
#   JVM is running with Unscaled Compressed Oops mode in which the Java heap is
#     placed in the first 4GB address space. The Java Heap base address is the
#     maximum limit for the native heap growth. Please use -XX:HeapBaseMinAddress
#     to set the Java Heap base and to place the Java Heap above 4GB virtual address.
# This output file may be truncated or incomplete.
#
#  Out of Memory Error (arena.cpp:189), pid=26516, tid=12468
#
# JRE version: Java(TM) SE Runtime Environment (17.0.12+8) (build 17.0.12+8-LTS-286)
# Java VM: Java HotSpot(TM) 64-Bit Server VM (17.0.12+8-LTS-286, mixed mode, sharing, tiered, compressed oops, compressed class ptrs, g1 gc, windows-amd64)
# No core dump will be written. Minidumps are not enabled by default on client versions of Windows
#

---------------  S U M M A R Y ------------

Command Line: --enable-native-access=ALL-UNNAMED -Dclassworlds.conf=F:\MAVEN\apache-maven-3.9.11\bin\m2.conf -Dmaven.home=F:\MAVEN\apache-maven-3.9.11 -Dlibrary.jansi.path=F:\MAVEN\apache-maven-3.9.11\lib\jansi-native -Dmaven.multiModuleProjectDirectory=F:\STS WORKSPACE\BANK-MS\Loans org.codehaus.plexus.classworlds.launcher.Launcher spring-boot:build-image -DskipTests

Host: Intel(R) Core(TM) i5-8250U CPU @ 1.60GHz, 8 cores, 7G,  Windows 11 , 64 bit Build 26100 (10.0.26100.4484)
Time: Thu Sep  4 23:06:18 2025 India Standard Time elapsed time: 24.559754 seconds (0d 0h 0m 24s)

---------------  T H R E A D  ---------------

Current thread (0x00000194e73b4b00):  JavaThread "C2 CompilerThread0" daemon [_thread_in_native, id=12468, stack(0x0000000610400000,0x0000000610500000)]


Current CompileTask:
C2:  24560 4889   !   4       com.google.inject.spi.InjectionPoint::getInjectionPoints (489 bytes)

Stack: [0x0000000610400000,0x0000000610500000]
Native frames: (J=compiled Java code, j=interpreted, Vv=VM code, C=native code)
V  [jvm.dll+0x67a04a]
V  [jvm.dll+0x7da4ed]
V  [jvm.dll+0x7dbe33]
V  [jvm.dll+0x7dc4a3]
V  [jvm.dll+0x24508f]
V  [jvm.dll+0xab773]
V  [jvm.dll+0xabd3c]
V  [jvm.dll+0x361bee]
V  [jvm.dll+0x1ba64a]
V  [jvm.dll+0x216997]
V  [jvm.dll+0x215c6f]
V  [jvm.dll+0x1a2960]
V  [jvm.dll+0x22610b]
V  [jvm.dll+0x2242ab]
V  [jvm.dll+0x79075c]
V  [jvm.dll+0x78abea]
V  [jvm.dll+0x678f35]
C  [ucrtbase.dll+0x37b0]
C  [KERNEL32.DLL+0x2e8d7]
C  [ntdll.dll+0x3c34c]


---------------  P R O C E S S  ---------------

Threads class SMR info:
_java_thread_list=0x00000194ecdd07f0, length=14, elements={
0x00000194c920ded0, 0x00000194e73985a0, 0x00000194e7399070, 0x00000194e73b01c0,
0x00000194e73b2aa0, 0x00000194e73b3370, 0x00000194e73b3c40, 0x00000194e73b4b00,
0x00000194e73c8870, 0x00000194e73bf780, 0x00000194e7619190, 0x00000194e7621080,
0x00000194ec167100, 0x00000194ecefc020
}

Java Threads: ( => current thread )
  0x00000194c920ded0 JavaThread "main" [_thread_in_native, id=7692, stack(0x000000060f700000,0x000000060f800000)]
  0x00000194e73985a0 JavaThread "Reference Handler" daemon [_thread_blocked, id=23440, stack(0x000000060fe00000,0x000000060ff00000)]
  0x00000194e7399070 JavaThread "Finalizer" daemon [_thread_blocked, id=27496, stack(0x000000060ff00000,0x0000000610000000)]
  0x00000194e73b01c0 JavaThread "Signal Dispatcher" daemon [_thread_blocked, id=28576, stack(0x0000000610000000,0x0000000610100000)]
  0x00000194e73b2aa0 JavaThread "Attach Listener" daemon [_thread_blocked, id=21044, stack(0x0000000610100000,0x0000000610200000)]
  0x00000194e73b3370 JavaThread "Service Thread" daemon [_thread_blocked, id=21228, stack(0x0000000610200000,0x0000000610300000)]
  0x00000194e73b3c40 JavaThread "Monitor Deflation Thread" daemon [_thread_blocked, id=9080, stack(0x0000000610300000,0x0000000610400000)]
=>0x00000194e73b4b00 JavaThread "C2 CompilerThread0" daemon [_thread_in_native, id=12468, stack(0x0000000610400000,0x0000000610500000)]
  0x00000194e73c8870 JavaThread "C1 CompilerThread0" daemon [_thread_blocked, id=20336, stack(0x0000000610500000,0x0000000610600000)]
  0x00000194e73bf780 JavaThread "Sweeper thread" daemon [_thread_blocked, id=21568, stack(0x0000000610600000,0x0000000610700000)]
  0x00000194e7619190 JavaThread "Notification Thread" daemon [_thread_blocked, id=15156, stack(0x0000000610700000,0x0000000610800000)]
  0x00000194e7621080 JavaThread "Common-Cleaner" daemon [_thread_blocked, id=12112, stack(0x0000000610900000,0x0000000610a00000)]
  0x00000194ec167100 JavaThread "Thread-1" daemon [_thread_blocked, id=9084, stack(0x0000000610b00000,0x0000000610c00000)]
  0x00000194ecefc020 JavaThread "C2 CompilerThread1" daemon [_thread_in_native, id=23604, stack(0x0000000611200000,0x0000000611300000)]

Other Threads:
  0x00000194e7391bd0 VMThread "VM Thread" [stack: 0x000000060fd00000,0x000000060fe00000] [id=22348]
  0x00000194c92cbfc0 WatcherThread [stack: 0x0000000610800000,0x0000000610900000] [id=2456]
  0x00000194c926ae50 GCTaskThread "GC Thread#0" [stack: 0x000000060f800000,0x000000060f900000] [id=28376]
  0x00000194ec77b350 GCTaskThread "GC Thread#1" [stack: 0x0000000610c00000,0x0000000610d00000] [id=11888]
  0x00000194ec77b610 GCTaskThread "GC Thread#2" [stack: 0x0000000610d00000,0x0000000610e00000] [id=3640]
  0x00000194ec65ee30 GCTaskThread "GC Thread#3" [stack: 0x0000000610e00000,0x0000000610f00000] [id=28012]
  0x00000194ecb399d0 GCTaskThread "GC Thread#4" [stack: 0x0000000610f00000,0x0000000611000000] [id=9324]
  0x00000194ecb39c90 GCTaskThread "GC Thread#5" [stack: 0x0000000611000000,0x0000000611100000] [id=26220]
  0x00000194eca85820 GCTaskThread "GC Thread#6" [stack: 0x0000000611100000,0x0000000611200000] [id=9136]
  0x00000194ec744850 GCTaskThread "GC Thread#7" [stack: 0x0000000610a00000,0x0000000610b00000] [id=12988]
  0x00000194c927ca00 ConcurrentGCThread "G1 Main Marker" [stack: 0x000000060f900000,0x000000060fa00000] [id=22100]
  0x00000194c927dff0 ConcurrentGCThread "G1 Conc#0" [stack: 0x000000060fa00000,0x000000060fb00000] [id=5740]
  0x00000194c92de6a0 ConcurrentGCThread "G1 Refine#0" [stack: 0x000000060fb00000,0x000000060fc00000] [id=23732]
  0x00000194e7247150 ConcurrentGCThread "G1 Service" [stack: 0x000000060fc00000,0x000000060fd00000] [id=3612]

Threads with active compile tasks:
C2 CompilerThread0    24718 4889   !   4       com.google.inject.spi.InjectionPoint::getInjectionPoints (489 bytes)
C1 CompilerThread0    24718 5113       3       org.apache.maven.model.io.xpp3.MavenXpp3Reader::parseScm (346 bytes)
C2 CompilerThread1    24718 4892       4       java.util.stream.SortedOps$SizedRefSortingSink::end (129 bytes)

VM state: not at safepoint (normal execution)

VM Mutex/Monitor currently owned by a thread: None

Heap address: 0x0000000081600000, size: 2026 MB, Compressed Oops mode: 32-bit

CDS archive(s) mapped at: [0x0000019480000000-0x0000019480bd0000-0x0000019480bd0000), size 12386304, SharedBaseAddress: 0x0000019480000000, ArchiveRelocationMode: 1.
Compressed class space mapped at: 0x0000019481000000-0x00000194c1000000, reserved size: 1073741824
Narrow klass base: 0x0000019480000000, Narrow klass shift: 0, Narrow klass range: 0x100000000

GC Precious Log:
 CPUs: 8 total, 8 available
 Memory: 8101M
 Large Page Support: Disabled
 NUMA Support: Disabled
 Compressed Oops: Enabled (32-bit)
 Heap Region Size: 1M
 Heap Min Capacity: 8M
 Heap Initial Capacity: 128M
 Heap Max Capacity: 2026M
 Pre-touch: Disabled
 Parallel Workers: 8
 Concurrent Workers: 2
 Concurrent Refinement Workers: 8
 Periodic GC: Disabled

Heap:
 garbage-first heap   total 131072K, used 67388K [0x0000000081600000, 0x0000000100000000)
  region size 1024K, 55 young (56320K), 4 survivors (4096K)
 Metaspace       used 20602K, committed 20928K, reserved 1114112K
  class space    used 2408K, committed 2560K, reserved 1048576K

Heap Regions: E=young(eden), S=young(survivor), O=old, HS=humongous(starts), HC=humongous(continues), CS=collection set, F=free, OA=open archive, CA=closed archive, TAMS=top-at-mark-start (previous, next)
|   0|0x0000000081600000, 0x0000000081700000, 0x0000000081700000|100%| O|  |TAMS 0x0000000081600000, 0x0000000081600000| Untracked 
|   1|0x0000000081700000, 0x0000000081800000, 0x0000000081800000|100%| O|  |TAMS 0x0000000081700000, 0x0000000081700000| Untracked 
|   2|0x0000000081800000, 0x0000000081900000, 0x0000000081900000|100%| O|  |TAMS 0x0000000081800000, 0x0000000081800000| Untracked 
|   3|0x0000000081900000, 0x0000000081a00000, 0x0000000081a00000|100%| O|  |TAMS 0x0000000081900000, 0x0000000081900000| Untracked 
|   4|0x0000000081a00000, 0x0000000081a00000, 0x0000000081b00000|  0%| F|  |TAMS 0x0000000081a00000, 0x0000000081a00000| Untracked 
|   5|0x0000000081b00000, 0x0000000081b00000, 0x0000000081c00000|  0%| F|  |TAMS 0x0000000081b00000, 0x0000000081b00000| Untracked 
|   6|0x0000000081c00000, 0x0000000081c00000, 0x0000000081d00000|  0%| F|  |TAMS 0x0000000081c00000, 0x0000000081c00000| Untracked 
|   7|0x0000000081d00000, 0x0000000081d00000, 0x0000000081e00000|  0%| F|  |TAMS 0x0000000081d00000, 0x0000000081d00000| Untracked 
|   8|0x0000000081e00000, 0x0000000081e00000, 0x0000000081f00000|  0%| F|  |TAMS 0x0000000081e00000, 0x0000000081e00000| Untracked 
|   9|0x0000000081f00000, 0x0000000081f00000, 0x0000000082000000|  0%| F|  |TAMS 0x0000000081f00000, 0x0000000081f00000| Untracked 
|  10|0x0000000082000000, 0x0000000082000000, 0x0000000082100000|  0%| F|  |TAMS 0x0000000082000000, 0x0000000082000000| Untracked 
|  11|0x0000000082100000, 0x0000000082100000, 0x0000000082200000|  0%| F|  |TAMS 0x0000000082100000, 0x0000000082100000| Untracked 
|  12|0x0000000082200000, 0x0000000082200000, 0x0000000082300000|  0%| F|  |TAMS 0x0000000082200000, 0x0000000082200000| Untracked 
|  13|0x0000000082300000, 0x0000000082300000, 0x0000000082400000|  0%| F|  |TAMS 0x0000000082300000, 0x0000000082300000| Untracked 
|  14|0x0000000082400000, 0x0000000082400000, 0x0000000082500000|  0%| F|  |TAMS 0x0000000082400000, 0x0000000082400000| Untracked 
|  15|0x0000000082500000, 0x0000000082500000, 0x0000000082600000|  0%| F|  |TAMS 0x0000000082500000, 0x0000000082500000| Untracked 
|  16|0x0000000082600000, 0x0000000082600000, 0x0000000082700000|  0%| F|  |TAMS 0x0000000082600000, 0x0000000082600000| Untracked 
|  17|0x0000000082700000, 0x0000000082700000, 0x0000000082800000|  0%| F|  |TAMS 0x0000000082700000, 0x0000000082700000| Untracked 
|  18|0x0000000082800000, 0x0000000082800000, 0x0000000082900000|  0%| F|  |TAMS 0x0000000082800000, 0x0000000082800000| Untracked 
|  19|0x0000000082900000, 0x0000000082900000, 0x0000000082a00000|  0%| F|  |TAMS 0x0000000082900000, 0x0000000082900000| Untracked 
|  20|0x0000000082a00000, 0x0000000082a00000, 0x0000000082b00000|  0%| F|  |TAMS 0x0000000082a00000, 0x0000000082a00000| Untracked 
|  21|0x0000000082b00000, 0x0000000082b00000, 0x0000000082c00000|  0%| F|  |TAMS 0x0000000082b00000, 0x0000000082b00000| Untracked 
|  22|0x0000000082c00000, 0x0000000082c00000, 0x0000000082d00000|  0%| F|  |TAMS 0x0000000082c00000, 0x0000000082c00000| Untracked 
|  23|0x0000000082d00000, 0x0000000082d00000, 0x0000000082e00000|  0%| F|  |TAMS 0x0000000082d00000, 0x0000000082d00000| Untracked 
|  24|0x0000000082e00000, 0x0000000082e00000, 0x0000000082f00000|  0%| F|  |TAMS 0x0000000082e00000, 0x0000000082e00000| Untracked 
|  25|0x0000000082f00000, 0x0000000082f00000, 0x0000000083000000|  0%| F|  |TAMS 0x0000000082f00000, 0x0000000082f00000| Untracked 
|  26|0x0000000083000000, 0x0000000083000000, 0x0000000083100000|  0%| F|  |TAMS 0x0000000083000000, 0x0000000083000000| Untracked 
|  27|0x0000000083100000, 0x0000000083100000, 0x0000000083200000|  0%| F|  |TAMS 0x0000000083100000, 0x0000000083100000| Untracked 
|  28|0x0000000083200000, 0x0000000083200000, 0x0000000083300000|  0%| F|  |TAMS 0x0000000083200000, 0x0000000083200000| Untracked 
|  29|0x0000000083300000, 0x0000000083300000, 0x0000000083400000|  0%| F|  |TAMS 0x0000000083300000, 0x0000000083300000| Untracked 
|  30|0x0000000083400000, 0x0000000083400000, 0x0000000083500000|  0%| F|  |TAMS 0x0000000083400000, 0x0000000083400000| Untracked 
|  31|0x0000000083500000, 0x0000000083500000, 0x0000000083600000|  0%| F|  |TAMS 0x0000000083500000, 0x0000000083500000| Untracked 
|  32|0x0000000083600000, 0x0000000083600000, 0x0000000083700000|  0%| F|  |TAMS 0x0000000083600000, 0x0000000083600000| Untracked 
|  33|0x0000000083700000, 0x0000000083700000, 0x0000000083800000|  0%| F|  |TAMS 0x0000000083700000, 0x0000000083700000| Untracked 
|  34|0x0000000083800000, 0x0000000083800000, 0x0000000083900000|  0%| F|  |TAMS 0x0000000083800000, 0x0000000083800000| Untracked 
|  35|0x0000000083900000, 0x0000000083900000, 0x0000000083a00000|  0%| F|  |TAMS 0x0000000083900000, 0x0000000083900000| Untracked 
|  36|0x0000000083a00000, 0x0000000083b00000, 0x0000000083b00000|100%| O|  |TAMS 0x0000000083a00000, 0x0000000083a00000| Untracked 
|  37|0x0000000083b00000, 0x0000000083c00000, 0x0000000083c00000|100%| O|  |TAMS 0x0000000083b00000, 0x0000000083b00000| Untracked 
|  38|0x0000000083c00000, 0x0000000083d00000, 0x0000000083d00000|100%| O|  |TAMS 0x0000000083c00000, 0x0000000083c00000| Untracked 
|  39|0x0000000083d00000, 0x0000000083e00000, 0x0000000083e00000|100%| O|  |TAMS 0x0000000083d00000, 0x0000000083d00000| Untracked 
|  40|0x0000000083e00000, 0x0000000083f00000, 0x0000000083f00000|100%| O|  |TAMS 0x0000000083e00000, 0x0000000083e00000| Untracked 
|  41|0x0000000083f00000, 0x0000000084000000, 0x0000000084000000|100%| O|  |TAMS 0x0000000083f00000, 0x0000000083f00000| Untracked 
|  42|0x0000000084000000, 0x0000000084000000, 0x0000000084100000|  0%| F|  |TAMS 0x0000000084000000, 0x0000000084000000| Untracked 
|  43|0x0000000084100000, 0x0000000084100000, 0x0000000084200000|  0%| F|  |TAMS 0x0000000084100000, 0x0000000084100000| Untracked 
|  44|0x0000000084200000, 0x0000000084200000, 0x0000000084300000|  0%| F|  |TAMS 0x0000000084200000, 0x0000000084200000| Untracked 
|  45|0x0000000084300000, 0x0000000084300000, 0x0000000084400000|  0%| F|  |TAMS 0x0000000084300000, 0x0000000084300000| Untracked 
|  46|0x0000000084400000, 0x0000000084400000, 0x0000000084500000|  0%| F|  |TAMS 0x0000000084400000, 0x0000000084400000| Untracked 
|  47|0x0000000084500000, 0x0000000084500000, 0x0000000084600000|  0%| F|  |TAMS 0x0000000084500000, 0x0000000084500000| Untracked 
|  48|0x0000000084600000, 0x0000000084600000, 0x0000000084700000|  0%| F|  |TAMS 0x0000000084600000, 0x0000000084600000| Untracked 
|  49|0x0000000084700000, 0x0000000084700000, 0x0000000084800000|  0%| F|  |TAMS 0x0000000084700000, 0x0000000084700000| Untracked 
|  50|0x0000000084800000, 0x0000000084800000, 0x0000000084900000|  0%| F|  |TAMS 0x0000000084800000, 0x0000000084800000| Untracked 
|  51|0x0000000084900000, 0x0000000084900000, 0x0000000084a00000|  0%| F|  |TAMS 0x0000000084900000, 0x0000000084900000| Untracked 
|  52|0x0000000084a00000, 0x0000000084b00000, 0x0000000084b00000|100%| O|  |TAMS 0x0000000084a00000, 0x0000000084a00000| Untracked 
|  53|0x0000000084b00000, 0x0000000084bd5c00, 0x0000000084c00000| 83%| O|  |TAMS 0x0000000084b00000, 0x0000000084b00000| Untracked 
|  54|0x0000000084c00000, 0x0000000084c00000, 0x0000000084d00000|  0%| F|  |TAMS 0x0000000084c00000, 0x0000000084c00000| Untracked 
|  55|0x0000000084d00000, 0x0000000084d00000, 0x0000000084e00000|  0%| F|  |TAMS 0x0000000084d00000, 0x0000000084d00000| Untracked 
|  56|0x0000000084e00000, 0x0000000084e00000, 0x0000000084f00000|  0%| F|  |TAMS 0x0000000084e00000, 0x0000000084e00000| Untracked 
|  57|0x0000000084f00000, 0x0000000084f00000, 0x0000000085000000|  0%| F|  |TAMS 0x0000000084f00000, 0x0000000084f00000| Untracked 
|  58|0x0000000085000000, 0x0000000085000000, 0x0000000085100000|  0%| F|  |TAMS 0x0000000085000000, 0x0000000085000000| Untracked 
|  59|0x0000000085100000, 0x00000000851f9520, 0x0000000085200000| 97%| S|CS|TAMS 0x0000000085100000, 0x0000000085100000| Complete 
|  60|0x0000000085200000, 0x0000000085300000, 0x0000000085300000|100%| S|CS|TAMS 0x0000000085200000, 0x0000000085200000| Complete 
|  61|0x0000000085300000, 0x0000000085400000, 0x0000000085400000|100%| S|CS|TAMS 0x0000000085300000, 0x0000000085300000| Complete 
|  62|0x0000000085400000, 0x0000000085500000, 0x0000000085500000|100%| S|CS|TAMS 0x0000000085400000, 0x0000000085400000| Complete 
|  63|0x0000000085500000, 0x0000000085500000, 0x0000000085600000|  0%| F|  |TAMS 0x0000000085500000, 0x0000000085500000| Untracked 
|  64|0x0000000085600000, 0x0000000085600000, 0x0000000085700000|  0%| F|  |TAMS 0x0000000085600000, 0x0000000085600000| Untracked 
|  65|0x0000000085700000, 0x0000000085700000, 0x0000000085800000|  0%| F|  |TAMS 0x0000000085700000, 0x0000000085700000| Untracked 
|  66|0x0000000085800000, 0x0000000085800000, 0x0000000085900000|  0%| F|  |TAMS 0x0000000085800000, 0x0000000085800000| Untracked 
|  67|0x0000000085900000, 0x0000000085900000, 0x0000000085a00000|  0%| F|  |TAMS 0x0000000085900000, 0x0000000085900000| Untracked 
|  68|0x0000000085a00000, 0x0000000085a00000, 0x0000000085b00000|  0%| F|  |TAMS 0x0000000085a00000, 0x0000000085a00000| Untracked 
|  69|0x0000000085b00000, 0x0000000085b00000, 0x0000000085c00000|  0%| F|  |TAMS 0x0000000085b00000, 0x0000000085b00000| Untracked 
|  70|0x0000000085c00000, 0x0000000085c00000, 0x0000000085d00000|  0%| F|  |TAMS 0x0000000085c00000, 0x0000000085c00000| Untracked 
|  71|0x0000000085d00000, 0x0000000085d00000, 0x0000000085e00000|  0%| F|  |TAMS 0x0000000085d00000, 0x0000000085d00000| Untracked 
|  72|0x0000000085e00000, 0x0000000085e00000, 0x0000000085f00000|  0%| F|  |TAMS 0x0000000085e00000, 0x0000000085e00000| Untracked 
|  73|0x0000000085f00000, 0x0000000085f00000, 0x0000000086000000|  0%| F|  |TAMS 0x0000000085f00000, 0x0000000085f00000| Untracked 
|  74|0x0000000086000000, 0x0000000086000000, 0x0000000086100000|  0%| F|  |TAMS 0x0000000086000000, 0x0000000086000000| Untracked 
|  75|0x0000000086100000, 0x0000000086100000, 0x0000000086200000|  0%| F|  |TAMS 0x0000000086100000, 0x0000000086100000| Untracked 
|  76|0x0000000086200000, 0x0000000086200000, 0x0000000086300000|  0%| F|  |TAMS 0x0000000086200000, 0x0000000086200000| Untracked 
|  77|0x0000000086300000, 0x0000000086381010, 0x0000000086400000| 50%| E|  |TAMS 0x0000000086300000, 0x0000000086300000| Complete 
|  78|0x0000000086400000, 0x0000000086500000, 0x0000000086500000|100%| E|CS|TAMS 0x0000000086400000, 0x0000000086400000| Complete 
|  79|0x0000000086500000, 0x0000000086600000, 0x0000000086600000|100%| E|CS|TAMS 0x0000000086500000, 0x0000000086500000| Complete 
|  80|0x0000000086600000, 0x0000000086700000, 0x0000000086700000|100%| E|CS|TAMS 0x0000000086600000, 0x0000000086600000| Complete 
|  81|0x0000000086700000, 0x0000000086800000, 0x0000000086800000|100%| E|CS|TAMS 0x0000000086700000, 0x0000000086700000| Complete 
|  82|0x0000000086800000, 0x0000000086900000, 0x0000000086900000|100%| E|CS|TAMS 0x0000000086800000, 0x0000000086800000| Complete 
|  83|0x0000000086900000, 0x0000000086a00000, 0x0000000086a00000|100%| E|CS|TAMS 0x0000000086900000, 0x0000000086900000| Complete 
|  84|0x0000000086a00000, 0x0000000086b00000, 0x0000000086b00000|100%| E|CS|TAMS 0x0000000086a00000, 0x0000000086a00000| Complete 
|  85|0x0000000086b00000, 0x0000000086c00000, 0x0000000086c00000|100%| E|CS|TAMS 0x0000000086b00000, 0x0000000086b00000| Complete 
|  86|0x0000000086c00000, 0x0000000086d00000, 0x0000000086d00000|100%| E|CS|TAMS 0x0000000086c00000, 0x0000000086c00000| Complete 
|  87|0x0000000086d00000, 0x0000000086e00000, 0x0000000086e00000|100%| E|CS|TAMS 0x0000000086d00000, 0x0000000086d00000| Complete 
|  88|0x0000000086e00000, 0x0000000086f00000, 0x0000000086f00000|100%| E|CS|TAMS 0x0000000086e00000, 0x0000000086e00000| Complete 
|  89|0x0000000086f00000, 0x0000000087000000, 0x0000000087000000|100%| E|CS|TAMS 0x0000000086f00000, 0x0000000086f00000| Complete 
|  90|0x0000000087000000, 0x0000000087100000, 0x0000000087100000|100%| E|CS|TAMS 0x0000000087000000, 0x0000000087000000| Complete 
|  91|0x0000000087100000, 0x0000000087200000, 0x0000000087200000|100%| E|CS|TAMS 0x0000000087100000, 0x0000000087100000| Complete 
|  92|0x0000000087200000, 0x0000000087300000, 0x0000000087300000|100%| E|CS|TAMS 0x0000000087200000, 0x0000000087200000| Complete 
|  93|0x0000000087300000, 0x0000000087400000, 0x0000000087400000|100%| E|CS|TAMS 0x0000000087300000, 0x0000000087300000| Complete 
|  94|0x0000000087400000, 0x0000000087500000, 0x0000000087500000|100%| E|CS|TAMS 0x0000000087400000, 0x0000000087400000| Complete 
|  95|0x0000000087500000, 0x0000000087600000, 0x0000000087600000|100%| E|CS|TAMS 0x0000000087500000, 0x0000000087500000| Complete 
|  96|0x0000000087600000, 0x0000000087700000, 0x0000000087700000|100%| E|CS|TAMS 0x0000000087600000, 0x0000000087600000| Complete 
|  97|0x0000000087700000, 0x0000000087800000, 0x0000000087800000|100%| E|CS|TAMS 0x0000000087700000, 0x0000000087700000| Complete 
|  98|0x0000000087800000, 0x0000000087900000, 0x0000000087900000|100%| E|CS|TAMS 0x0000000087800000, 0x0000000087800000| Complete 
|  99|0x0000000087900000, 0x0000000087a00000, 0x0000000087a00000|100%| E|CS|TAMS 0x0000000087900000, 0x0000000087900000| Complete 
| 100|0x0000000087a00000, 0x0000000087b00000, 0x0000000087b00000|100%| E|CS|TAMS 0x0000000087a00000, 0x0000000087a00000| Complete 
| 101|0x0000000087b00000, 0x0000000087c00000, 0x0000000087c00000|100%| E|CS|TAMS 0x0000000087b00000, 0x0000000087b00000| Complete 
| 102|0x0000000087c00000, 0x0000000087d00000, 0x0000000087d00000|100%| E|CS|TAMS 0x0000000087c00000, 0x0000000087c00000| Complete 
| 103|0x0000000087d00000, 0x0000000087e00000, 0x0000000087e00000|100%| E|CS|TAMS 0x0000000087d00000, 0x0000000087d00000| Complete 
| 104|0x0000000087e00000, 0x0000000087f00000, 0x0000000087f00000|100%| E|CS|TAMS 0x0000000087e00000, 0x0000000087e00000| Complete 
| 105|0x0000000087f00000, 0x0000000088000000, 0x0000000088000000|100%| E|CS|TAMS 0x0000000087f00000, 0x0000000087f00000| Complete 
| 106|0x0000000088000000, 0x0000000088100000, 0x0000000088100000|100%| E|CS|TAMS 0x0000000088000000, 0x0000000088000000| Complete 
| 107|0x0000000088100000, 0x0000000088200000, 0x0000000088200000|100%| E|CS|TAMS 0x0000000088100000, 0x0000000088100000| Complete 
| 108|0x0000000088200000, 0x0000000088300000, 0x0000000088300000|100%| E|CS|TAMS 0x0000000088200000, 0x0000000088200000| Complete 
| 109|0x0000000088300000, 0x0000000088400000, 0x0000000088400000|100%| E|CS|TAMS 0x0000000088300000, 0x0000000088300000| Complete 
| 110|0x0000000088400000, 0x0000000088500000, 0x0000000088500000|100%| E|CS|TAMS 0x0000000088400000, 0x0000000088400000| Complete 
| 111|0x0000000088500000, 0x0000000088600000, 0x0000000088600000|100%| E|CS|TAMS 0x0000000088500000, 0x0000000088500000| Complete 
| 112|0x0000000088600000, 0x0000000088700000, 0x0000000088700000|100%| E|CS|TAMS 0x0000000088600000, 0x0000000088600000| Complete 
| 113|0x0000000088700000, 0x0000000088800000, 0x0000000088800000|100%| E|CS|TAMS 0x0000000088700000, 0x0000000088700000| Complete 
| 114|0x0000000088800000, 0x0000000088900000, 0x0000000088900000|100%| E|CS|TAMS 0x0000000088800000, 0x0000000088800000| Complete 
| 115|0x0000000088900000, 0x0000000088a00000, 0x0000000088a00000|100%| E|CS|TAMS 0x0000000088900000, 0x0000000088900000| Complete 
| 116|0x0000000088a00000, 0x0000000088b00000, 0x0000000088b00000|100%| E|CS|TAMS 0x0000000088a00000, 0x0000000088a00000| Complete 
| 117|0x0000000088b00000, 0x0000000088c00000, 0x0000000088c00000|100%| E|CS|TAMS 0x0000000088b00000, 0x0000000088b00000| Complete 
| 118|0x0000000088c00000, 0x0000000088d00000, 0x0000000088d00000|100%| E|CS|TAMS 0x0000000088c00000, 0x0000000088c00000| Complete 
| 119|0x0000000088d00000, 0x0000000088e00000, 0x0000000088e00000|100%| E|CS|TAMS 0x0000000088d00000, 0x0000000088d00000| Complete 
| 120|0x0000000088e00000, 0x0000000088f00000, 0x0000000088f00000|100%| E|CS|TAMS 0x0000000088e00000, 0x0000000088e00000| Complete 
| 121|0x0000000088f00000, 0x0000000089000000, 0x0000000089000000|100%| E|CS|TAMS 0x0000000088f00000, 0x0000000088f00000| Complete 
| 122|0x0000000089000000, 0x0000000089100000, 0x0000000089100000|100%| E|CS|TAMS 0x0000000089000000, 0x0000000089000000| Complete 
| 123|0x0000000089100000, 0x0000000089200000, 0x0000000089200000|100%| E|CS|TAMS 0x0000000089100000, 0x0000000089100000| Complete 
| 124|0x0000000089200000, 0x0000000089300000, 0x0000000089300000|100%| E|CS|TAMS 0x0000000089200000, 0x0000000089200000| Complete 
| 125|0x0000000089300000, 0x0000000089400000, 0x0000000089400000|100%| E|CS|TAMS 0x0000000089300000, 0x0000000089300000| Complete 
| 126|0x0000000089400000, 0x0000000089500000, 0x0000000089500000|100%| E|CS|TAMS 0x0000000089400000, 0x0000000089400000| Complete 
| 127|0x0000000089500000, 0x0000000089600000, 0x0000000089600000|100%| E|CS|TAMS 0x0000000089500000, 0x0000000089500000| Complete 

Card table byte_map: [0x00000194e0200000,0x00000194e0600000] _byte_map_base: 0x00000194dfdf5000

Marking Bits (Prev, Next): (CMBitMap*) 0x00000194c926c390, (CMBitMap*) 0x00000194c926c3d0
 Prev Bits: [0x00000194e0a00000, 0x00000194e29a8000)
 Next Bits: [0x00000194e29b0000, 0x00000194e4958000)

Polling page: 0x00000194c7130000

Metaspace:

Usage:
  Non-class:     17.77 MB used.
      Class:      2.35 MB used.
       Both:     20.12 MB used.

Virtual space:
  Non-class space:       64.00 MB reserved,      17.94 MB ( 28%) committed,  1 nodes.
      Class space:        1.00 GB reserved,       2.50 MB ( <1%) committed,  1 nodes.
             Both:        1.06 GB reserved,      20.44 MB (  2%) committed. 

Chunk freelists:
   Non-Class:  13.75 MB
       Class:  13.41 MB
        Both:  27.16 MB

MaxMetaspaceSize: unlimited
CompressedClassSpaceSize: 1.00 GB
Initial GC threshold: 21.00 MB
Current GC threshold: 21.00 MB
CDS: on
MetaspaceReclaimPolicy: balanced
 - commit_granule_bytes: 65536.
 - commit_granule_words: 8192.
 - virtual_space_node_default_size: 8388608.
 - enlarge_chunks_in_place: 1.
 - new_chunks_are_fully_committed: 0.
 - uncommit_free_chunks: 1.
 - use_allocation_guard: 0.
 - handle_deallocations: 1.


Internal statistics:

num_allocs_failed_limit: 0.
num_arena_births: 148.
num_arena_deaths: 0.
num_vsnodes_births: 2.
num_vsnodes_deaths: 0.
num_space_committed: 327.
num_space_uncommitted: 0.
num_chunks_returned_to_freelist: 0.
num_chunks_taken_from_freelist: 899.
num_chunk_merges: 0.
num_chunk_splits: 608.
num_chunks_enlarged: 477.
num_inconsistent_stats: 0.

CodeHeap 'non-profiled nmethods': size=120000Kb used=2783Kb max_used=2783Kb free=117216Kb
 bounds [0x00000194d85a0000, 0x00000194d8860000, 0x00000194dfad0000]
CodeHeap 'profiled nmethods': size=120000Kb used=11212Kb max_used=11212Kb free=108788Kb
 bounds [0x00000194d0ad0000, 0x00000194d15d0000, 0x00000194d8000000]
CodeHeap 'non-nmethods': size=5760Kb used=1212Kb max_used=1278Kb free=4547Kb
 bounds [0x00000194d8000000, 0x00000194d8270000, 0x00000194d85a0000]
 total_blobs=5602 nmethods=5095 adapters=418
 compilation: enabled
              stopped_count=0, restarted_count=0
 full_count=0

Compilation events (20 events):
Event: 23.466 Thread 0x00000194e73c8870 nmethod 5070 0x00000194d15a6d90 code [0x00000194d15a6fc0, 0x00000194d15a7808]
Event: 23.466 Thread 0x00000194e73c8870 5071       3       org.eclipse.aether.named.providers.LocalReadWriteLockNamedLockFactory::createLock (6 bytes)
Event: 23.466 Thread 0x00000194e73c8870 nmethod 5071 0x00000194d15a7b10 code [0x00000194d15a7ca0, 0x00000194d15a7de8]
Event: 23.466 Thread 0x00000194e73c8870 5072       3       org.eclipse.aether.named.providers.LocalReadWriteLockNamedLockFactory::createLock (17 bytes)
Event: 23.467 Thread 0x00000194e73c8870 nmethod 5072 0x00000194d15a7e90 code [0x00000194d15a80c0, 0x00000194d15a8988]
Event: 23.467 Thread 0x00000194e73c8870 5073       3       org.eclipse.aether.named.support.ReadWriteLockNamedLock::<init> (24 bytes)
Event: 23.467 Thread 0x00000194e73c8870 nmethod 5073 0x00000194d15a8d10 code [0x00000194d15a8f20, 0x00000194d15a95f8]
Event: 23.467 Thread 0x00000194e73c8870 5074       3       org.eclipse.aether.named.support.NamedLockSupport::<init> (48 bytes)
Event: 23.468 Thread 0x00000194e73c8870 nmethod 5074 0x00000194d15a9890 code [0x00000194d15a9a80, 0x00000194d15aa088]
Event: 23.468 Thread 0x00000194e73c8870 5075       3       org.eclipse.aether.repository.LocalArtifactResult::setFile (7 bytes)
Event: 23.468 Thread 0x00000194e73c8870 nmethod 5075 0x00000194d15aa290 code [0x00000194d15aa420, 0x00000194d15aa578]
Event: 23.468 Thread 0x00000194e73c8870 5076       3       org.eclipse.aether.internal.impl.EnhancedLocalRepositoryManager::readRepos (33 bytes)
Event: 23.469 Thread 0x00000194e73c8870 nmethod 5076 0x00000194d15aa610 code [0x00000194d15aa800, 0x00000194d15aac58]
Event: 23.469 Thread 0x00000194e73c8870 5077       3       org.eclipse.aether.internal.impl.EnhancedLocalRepositoryManager::getTrackingFile (16 bytes)
Event: 23.469 Thread 0x00000194e73c8870 nmethod 5077 0x00000194d15aae90 code [0x00000194d15ab040, 0x00000194d15ab238]
Event: 23.490 Thread 0x00000194e73c8870 5078       3       sun.nio.ch.FileLockImpl::<init> (11 bytes)
Event: 23.490 Thread 0x00000194e73c8870 nmethod 5078 0x00000194d15ab390 code [0x00000194d15ab520, 0x00000194d15ab668]
Event: 23.490 Thread 0x00000194e73c8870 5079       3       java.nio.channels.FileLock::<init> (86 bytes)
Event: 23.490 Thread 0x00000194e73c8870 nmethod 5079 0x00000194d15ab710 code [0x00000194d15ab920, 0x00000194d15abfb8]
Event: 23.491 Thread 0x00000194e73c8870 5080   !   3       sun.nio.ch.FileChannelImpl::fileLockTable (85 bytes)

GC Heap History (8 events):
Event: 5.248 GC heap before
{Heap before GC invocations=0 (full 0):
 garbage-first heap   total 131072K, used 23552K [0x0000000081600000, 0x0000000100000000)
  region size 1024K, 23 young (23552K), 0 survivors (0K)
 Metaspace       used 5426K, committed 5632K, reserved 1114112K
  class space    used 658K, committed 768K, reserved 1048576K
}
Event: 5.277 GC heap after
{Heap after GC invocations=1 (full 0):
 garbage-first heap   total 131072K, used 3669K [0x0000000081600000, 0x0000000100000000)
  region size 1024K, 3 young (3072K), 3 survivors (3072K)
 Metaspace       used 5426K, committed 5632K, reserved 1114112K
  class space    used 658K, committed 768K, reserved 1048576K
}
Event: 8.726 GC heap before
{Heap before GC invocations=1 (full 0):
 garbage-first heap   total 131072K, used 33365K [0x0000000081600000, 0x0000000100000000)
  region size 1024K, 32 young (32768K), 3 survivors (3072K)
 Metaspace       used 9385K, committed 9536K, reserved 1114112K
  class space    used 1140K, committed 1216K, reserved 1048576K
}
Event: 8.735 GC heap after
{Heap after GC invocations=2 (full 0):
 garbage-first heap   total 131072K, used 5296K [0x0000000081600000, 0x0000000100000000)
  region size 1024K, 2 young (2048K), 2 survivors (2048K)
 Metaspace       used 9385K, committed 9536K, reserved 1114112K
  class space    used 1140K, committed 1216K, reserved 1048576K
}
Event: 16.470 GC heap before
{Heap before GC invocations=2 (full 0):
 garbage-first heap   total 131072K, used 81072K [0x0000000081600000, 0x0000000100000000)
  region size 1024K, 76 young (77824K), 2 survivors (2048K)
 Metaspace       used 15478K, committed 15744K, reserved 1114112K
  class space    used 1860K, committed 1984K, reserved 1048576K
}
Event: 16.498 GC heap after
{Heap after GC invocations=3 (full 0):
 garbage-first heap   total 131072K, used 13104K [0x0000000081600000, 0x0000000100000000)
  region size 1024K, 10 young (10240K), 10 survivors (10240K)
 Metaspace       used 15478K, committed 15744K, reserved 1114112K
  class space    used 1860K, committed 1984K, reserved 1048576K
}
Event: 20.722 GC heap before
{Heap before GC invocations=3 (full 0):
 garbage-first heap   total 131072K, used 111408K [0x0000000081600000, 0x0000000100000000)
  region size 1024K, 75 young (76800K), 10 survivors (10240K)
 Metaspace       used 17972K, committed 18304K, reserved 1114112K
  class space    used 2081K, committed 2240K, reserved 1048576K
}
Event: 20.773 GC heap after
{Heap after GC invocations=4 (full 0):
 garbage-first heap   total 131072K, used 16188K [0x0000000081600000, 0x0000000100000000)
  region size 1024K, 4 young (4096K), 4 survivors (4096K)
 Metaspace       used 17972K, committed 18304K, reserved 1114112K
  class space    used 2081K, committed 2240K, reserved 1048576K
}

Deoptimization events (20 events):
Event: 22.027 Thread 0x00000194c920ded0 Uncommon trap: trap_request=0xffffffd6 fr.pc=0x00000194d883a3e0 relative=0x00000000000003c0
Event: 22.027 Thread 0x00000194c920ded0 Uncommon trap: reason=array_check action=maybe_recompile pc=0x00000194d883a3e0 method=java.util.LinkedHashMap.valuesToArray([Ljava/lang/Object;)[Ljava/lang/Object; @ 25 c2
Event: 22.027 Thread 0x00000194c920ded0 DEOPT PACKING pc=0x00000194d883a3e0 sp=0x000000060f7fc9c0
Event: 22.027 Thread 0x00000194c920ded0 DEOPT UNPACKING pc=0x00000194d80523a3 sp=0x000000060f7fc968 mode 2
Event: 22.028 Thread 0x00000194c920ded0 Uncommon trap: trap_request=0xffffffd6 fr.pc=0x00000194d883a3e0 relative=0x00000000000003c0
Event: 22.028 Thread 0x00000194c920ded0 Uncommon trap: reason=array_check action=maybe_recompile pc=0x00000194d883a3e0 method=java.util.LinkedHashMap.valuesToArray([Ljava/lang/Object;)[Ljava/lang/Object; @ 25 c2
Event: 22.028 Thread 0x00000194c920ded0 DEOPT PACKING pc=0x00000194d883a3e0 sp=0x000000060f7fcd00
Event: 22.028 Thread 0x00000194c920ded0 DEOPT UNPACKING pc=0x00000194d80523a3 sp=0x000000060f7fcca8 mode 2
Event: 22.030 Thread 0x00000194c920ded0 Uncommon trap: trap_request=0xffffffd6 fr.pc=0x00000194d883a3e0 relative=0x00000000000003c0
Event: 22.030 Thread 0x00000194c920ded0 Uncommon trap: reason=array_check action=maybe_recompile pc=0x00000194d883a3e0 method=java.util.LinkedHashMap.valuesToArray([Ljava/lang/Object;)[Ljava/lang/Object; @ 25 c2
Event: 22.030 Thread 0x00000194c920ded0 DEOPT PACKING pc=0x00000194d883a3e0 sp=0x000000060f7fc5c0
Event: 22.030 Thread 0x00000194c920ded0 DEOPT UNPACKING pc=0x00000194d80523a3 sp=0x000000060f7fc568 mode 2
Event: 22.030 Thread 0x00000194c920ded0 Uncommon trap: trap_request=0xffffffd6 fr.pc=0x00000194d883a3e0 relative=0x00000000000003c0
Event: 22.030 Thread 0x00000194c920ded0 Uncommon trap: reason=array_check action=maybe_recompile pc=0x00000194d883a3e0 method=java.util.LinkedHashMap.valuesToArray([Ljava/lang/Object;)[Ljava/lang/Object; @ 25 c2
Event: 22.030 Thread 0x00000194c920ded0 DEOPT PACKING pc=0x00000194d883a3e0 sp=0x000000060f7fc5c0
Event: 22.030 Thread 0x00000194c920ded0 DEOPT UNPACKING pc=0x00000194d80523a3 sp=0x000000060f7fc568 mode 2
Event: 22.849 Thread 0x00000194c920ded0 Uncommon trap: trap_request=0xffffff45 fr.pc=0x00000194d86da0d8 relative=0x0000000000000058
Event: 22.849 Thread 0x00000194c920ded0 Uncommon trap: reason=unstable_if action=reinterpret pc=0x00000194d86da0d8 method=java.util.regex.Pattern.has(I)Z @ 6 c2
Event: 22.849 Thread 0x00000194c920ded0 DEOPT PACKING pc=0x00000194d86da0d8 sp=0x000000060f7fbcf0
Event: 22.849 Thread 0x00000194c920ded0 DEOPT UNPACKING pc=0x00000194d80523a3 sp=0x000000060f7fbc80 mode 2

Classes unloaded (0 events):
No events

Classes redefined (0 events):
No events

Internal exceptions (20 events):
Event: 11.450 Thread 0x00000194c920ded0 Implicit null exception at 0x00000194d85c64f2 to 0x00000194d85c6b0c
Event: 11.452 Thread 0x00000194c920ded0 Implicit null exception at 0x00000194d85c41f2 to 0x00000194d85c482c
Event: 11.769 Thread 0x00000194c920ded0 Exception <a 'java/lang/NoSuchMethodError'{0x0000000087f0cb20}: 'void java.lang.invoke.DirectMethodHandle$Holder.invokeSpecial(java.lang.Object, java.lang.Object, java.lang.Object, java.lang.Object, java.lang.Object)'> (0x0000000087f0cb20) 
thrown [s\open\src\hotspot\share\interpreter\linkResolver.cpp, line 759]
Event: 11.815 Thread 0x00000194c920ded0 Exception <a 'java/lang/NoSuchMethodError'{0x0000000087f2a1a8}: 'void java.lang.invoke.DirectMethodHandle$Holder.invokeSpecial(java.lang.Object, java.lang.Object, java.lang.Object, java.lang.Object, java.lang.Object, java.lang.Object)'> (0x0000000087f2a1a8) 
thrown [s\open\src\hotspot\share\interpreter\linkResolver.cpp, line 759]
Event: 11.917 Thread 0x00000194c920ded0 Exception <a 'java/lang/NoSuchMethodError'{0x0000000087e20ef8}: 'java.lang.Object java.lang.invoke.DirectMethodHandle$Holder.invokeVirtual(java.lang.Object, java.lang.Object, java.lang.Object)'> (0x0000000087e20ef8) 
thrown [s\open\src\hotspot\share\interpreter\linkResolver.cpp, line 759]
Event: 14.976 Thread 0x00000194c920ded0 Implicit null exception at 0x00000194d86af155 to 0x00000194d86b0740
Event: 14.978 Thread 0x00000194c920ded0 Implicit null exception at 0x00000194d86504ec to 0x00000194d86506e8
Event: 14.980 Thread 0x00000194c920ded0 Implicit null exception at 0x00000194d8628de0 to 0x00000194d8628e7a
Event: 17.996 Thread 0x00000194c920ded0 Implicit null exception at 0x00000194d85eba8f to 0x00000194d85ebb09
Event: 18.403 Thread 0x00000194c920ded0 Implicit null exception at 0x00000194d879578f to 0x00000194d87957fa
Event: 18.404 Thread 0x00000194c920ded0 Exception <a 'java/lang/NoSuchMethodError'{0x000000008739df48}: 'java.lang.Object java.lang.invoke.DirectMethodHandle$Holder.newInvokeSpecial(java.lang.Object, java.lang.Object, java.lang.Object, java.lang.Object, java.lang.Object, java.lang.Object, java.lang.Object)'> (0x000000008739df48) 
thrown [s\open\src\hotspot\share\interpreter\linkResolver.cpp, line 759]
Event: 18.406 Thread 0x00000194c920ded0 Exception <a 'java/lang/NoSuchMethodError'{0x00000000873a2858}: 'java.lang.Object java.lang.invoke.Invokers$Holder.linkToTargetMethod(java.lang.Object, java.lang.Object, java.lang.Object, java.lang.Object, java.lang.Object, java.lang.Object, java.lang.Object)'> (0x00000000873a2858) 
thrown [s\open\src\hotspot\share\interpreter\linkResolver.cpp, line 759]
Event: 18.412 Thread 0x00000194c920ded0 Implicit null exception at 0x00000194d878ec46 to 0x00000194d878f770
Event: 19.070 Thread 0x00000194c920ded0 Exception <a 'java/lang/NoSuchMethodError'{0x0000000086986500}: 'int java.lang.invoke.DirectMethodHandle$Holder.invokeVirtual(java.lang.Object, java.lang.Object)'> (0x0000000086986500) 
thrown [s\open\src\hotspot\share\interpreter\linkResolver.cpp, line 759]
Event: 19.184 Thread 0x00000194c920ded0 Exception <a 'java/lang/NoSuchMethodError'{0x000000008677b340}: 'int java.lang.invoke.DirectMethodHandle$Holder.invokeStatic(java.lang.Object, java.lang.Object, int)'> (0x000000008677b340) 
thrown [s\open\src\hotspot\share\interpreter\linkResolver.cpp, line 759]
Event: 21.629 Thread 0x00000194ecf06560 Implicit null exception at 0x00000194d8767dec to 0x00000194d8767e88
Event: 21.638 Thread 0x00000194ecf06560 Exception <a 'java/lang/NoSuchMethodError'{0x000000008880da30}: 'java.lang.Object java.lang.invoke.DirectMethodHandle$Holder.invokeStatic(java.lang.Object, java.lang.Object, long, java.lang.Object)'> (0x000000008880da30) 
thrown [s\open\src\hotspot\share\interpreter\linkResolver.cpp, line 759]
Event: 21.639 Thread 0x00000194ecf06560 Exception <a 'java/lang/NoSuchMethodError'{0x0000000088811208}: 'java.lang.Object java.lang.invoke.DirectMethodHandle$Holder.invokeStaticInit(java.lang.Object, java.lang.Object, long, java.lang.Object)'> (0x0000000088811208) 
thrown [s\open\src\hotspot\share\interpreter\linkResolver.cpp, line 759]
Event: 21.640 Thread 0x00000194ecf06560 Exception <a 'java/lang/NoSuchMethodError'{0x00000000888179b0}: 'java.lang.Object java.lang.invoke.DirectMethodHandle$Holder.newInvokeSpecial(java.lang.Object, java.lang.Object, long)'> (0x00000000888179b0) 
thrown [s\open\src\hotspot\share\interpreter\linkResolver.cpp, line 759]
Event: 21.641 Thread 0x00000194ecf06560 Exception <a 'java/lang/NoSuchMethodError'{0x000000008881bca0}: 'java.lang.Object java.lang.invoke.Invokers$Holder.linkToTargetMethod(java.lang.Object, long, java.lang.Object)'> (0x000000008881bca0) 
thrown [s\open\src\hotspot\share\interpreter\linkResolver.cpp, line 759]

VM Operations (20 events):
Event: 17.503 Executing VM operation: Cleanup done
Event: 18.516 Executing VM operation: Cleanup
Event: 18.516 Executing VM operation: Cleanup done
Event: 19.516 Executing VM operation: Cleanup
Event: 19.517 Executing VM operation: Cleanup done
Event: 20.394 Executing VM operation: HandshakeAllThreads
Event: 20.394 Executing VM operation: HandshakeAllThreads done
Event: 20.721 Executing VM operation: G1CollectForAllocation
Event: 20.773 Executing VM operation: G1CollectForAllocation done
Event: 21.598 Executing VM operation: HandshakeAllThreads
Event: 21.598 Executing VM operation: HandshakeAllThreads done
Event: 21.605 Executing VM operation: HandshakeAllThreads
Event: 21.605 Executing VM operation: HandshakeAllThreads done
Event: 22.525 Executing VM operation: HandshakeAllThreads
Event: 22.525 Executing VM operation: HandshakeAllThreads done
Event: 22.525 Executing VM operation: Cleanup
Event: 22.526 Executing VM operation: Cleanup done
Event: 22.950 Executing VM operation: HandshakeAllThreads
Event: 22.950 Executing VM operation: HandshakeAllThreads done
Event: 23.955 Executing VM operation: Cleanup

Events (20 events):
Event: 22.928 loading class sun/nio/fs/FileOwnerAttributeViewImpl
Event: 22.928 loading class java/nio/file/attribute/FileOwnerAttributeView
Event: 22.928 loading class java/nio/file/attribute/FileOwnerAttributeView done
Event: 22.928 loading class sun/nio/fs/FileOwnerAttributeViewImpl done
Event: 22.929 loading class sun/nio/fs/WindowsAclFileAttributeView
Event: 22.929 loading class sun/nio/fs/AbstractAclFileAttributeView
Event: 22.930 loading class java/nio/file/attribute/AclFileAttributeView
Event: 22.930 loading class java/nio/file/attribute/AclFileAttributeView done
Event: 22.930 loading class sun/nio/fs/AbstractAclFileAttributeView done
Event: 22.930 loading class sun/nio/fs/WindowsAclFileAttributeView done
Event: 22.931 loading class sun/nio/fs/WindowsUserPrincipals
Event: 22.931 loading class sun/nio/fs/WindowsUserPrincipals done
Event: 22.933 loading class sun/nio/fs/WindowsUserPrincipals$User
Event: 22.934 loading class java/nio/file/attribute/UserPrincipal
Event: 22.934 loading class java/nio/file/attribute/UserPrincipal done
Event: 22.935 loading class sun/nio/fs/WindowsUserPrincipals$User done
Event: 22.974 loading class java/util/Vector$Itr
Event: 22.974 loading class java/util/Vector$Itr done
Event: 22.983 Thread 0x00000194ecd675a0 Thread added: 0x00000194ecd675a0
Event: 23.206 Thread 0x00000194ecd675a0 Thread exited: 0x00000194ecd675a0


Dynamic libraries:
0x00007ff6ba1d0000 - 0x00007ff6ba1e0000 	C:\Program Files\Java\jdk-17\bin\java.exe
0x00007ffb1d3e0000 - 0x00007ffb1d648000 	C:\WINDOWS\SYSTEM32\ntdll.dll
0x00007ffb1c3e0000 - 0x00007ffb1c4a9000 	C:\WINDOWS\System32\KERNEL32.DLL
0x00007ffb1ab50000 - 0x00007ffb1af3d000 	C:\WINDOWS\System32\KERNELBASE.dll
0x00007ffb1a880000 - 0x00007ffb1a9cb000 	C:\WINDOWS\System32\ucrtbase.dll
0x00007ffb08150000 - 0x00007ffb0816b000 	C:\Program Files\Java\jdk-17\bin\VCRUNTIME140.dll
0x00007ffb08060000 - 0x00007ffb08079000 	C:\Program Files\Java\jdk-17\bin\jli.dll
0x00007ffb1b900000 - 0x00007ffb1b9b4000 	C:\WINDOWS\System32\ADVAPI32.dll
0x00007ffb1bba0000 - 0x00007ffb1bc49000 	C:\WINDOWS\System32\msvcrt.dll
0x00007ffb1b510000 - 0x00007ffb1b5b6000 	C:\WINDOWS\System32\sechost.dll
0x00007ffb1c6f0000 - 0x00007ffb1c808000 	C:\WINDOWS\System32\RPCRT4.dll
0x00007ffb1c810000 - 0x00007ffb1c9dc000 	C:\WINDOWS\System32\USER32.dll
0x00007ffb05b50000 - 0x00007ffb05dea000 	C:\WINDOWS\WinSxS\amd64_microsoft.windows.common-controls_6595b64144ccf1df_6.0.26100.4484_none_3e0e6d4ce32ef3b3\COMCTL32.dll
0x00007ffb1a530000 - 0x00007ffb1a557000 	C:\WINDOWS\System32\win32u.dll
0x00007ffb1b840000 - 0x00007ffb1b86b000 	C:\WINDOWS\System32\GDI32.dll
0x00007ffb1a560000 - 0x00007ffb1a697000 	C:\WINDOWS\System32\gdi32full.dll
0x00007ffb1a730000 - 0x00007ffb1a7d3000 	C:\WINDOWS\System32\msvcp_win.dll
0x00007ffb13a50000 - 0x00007ffb13a5b000 	C:\WINDOWS\SYSTEM32\VERSION.dll
0x00007ffb1c4d0000 - 0x00007ffb1c4ff000 	C:\WINDOWS\System32\IMM32.DLL
0x00007ffb128c0000 - 0x00007ffb128cc000 	C:\Program Files\Java\jdk-17\bin\vcruntime140_1.dll
0x00007ffae7030000 - 0x00007ffae70be000 	C:\Program Files\Java\jdk-17\bin\msvcp140.dll
0x00007ffa92df0000 - 0x00007ffa939d0000 	C:\Program Files\Java\jdk-17\bin\server\jvm.dll
0x00007ffb1c370000 - 0x00007ffb1c378000 	C:\WINDOWS\System32\PSAPI.DLL
0x00007ffb06840000 - 0x00007ffb0684a000 	C:\WINDOWS\SYSTEM32\WSOCK32.dll
0x00007ffb08910000 - 0x00007ffb08945000 	C:\WINDOWS\SYSTEM32\WINMM.dll
0x00007ffb1c5a0000 - 0x00007ffb1c614000 	C:\WINDOWS\System32\WS2_32.dll
0x00007ffb19290000 - 0x00007ffb192ab000 	C:\WINDOWS\SYSTEM32\kernel.appcore.dll
0x00007ffb109f0000 - 0x00007ffb109fa000 	C:\Program Files\Java\jdk-17\bin\jimage.dll
0x00007ffb085c0000 - 0x00007ffb08801000 	C:\WINDOWS\SYSTEM32\DBGHELP.DLL
0x00007ffb1b180000 - 0x00007ffb1b506000 	C:\WINDOWS\System32\combase.dll
0x00007ffb1bd80000 - 0x00007ffb1be60000 	C:\WINDOWS\System32\OLEAUT32.dll
0x00007ffb06260000 - 0x00007ffb062a3000 	C:\WINDOWS\SYSTEM32\dbgcore.DLL
0x00007ffb1a7e0000 - 0x00007ffb1a879000 	C:\WINDOWS\System32\bcryptPrimitives.dll
0x00007ffb03210000 - 0x00007ffb03235000 	C:\Program Files\Java\jdk-17\bin\java.dll
0x00007ffae0de0000 - 0x00007ffae0eb7000 	C:\Program Files\Java\jdk-17\bin\jsvml.dll
0x00007ffb1c9e0000 - 0x00007ffb1d12a000 	C:\WINDOWS\System32\SHELL32.dll
0x00007ffb1b000000 - 0x00007ffb1b174000 	C:\WINDOWS\System32\wintypes.dll
0x00007ffb18150000 - 0x00007ffb189ab000 	C:\WINDOWS\SYSTEM32\windows.storage.dll
0x00007ffb1bc50000 - 0x00007ffb1bd45000 	C:\WINDOWS\System32\SHCORE.dll
0x00007ffb1be70000 - 0x00007ffb1beda000 	C:\WINDOWS\System32\shlwapi.dll
0x00007ffb1a440000 - 0x00007ffb1a46f000 	C:\WINDOWS\SYSTEM32\profapi.dll
0x00007ffb045a0000 - 0x00007ffb045b9000 	C:\Program Files\Java\jdk-17\bin\net.dll
0x00007ffb143f0000 - 0x00007ffb1450e000 	C:\WINDOWS\SYSTEM32\WINHTTP.dll
0x00007ffb19800000 - 0x00007ffb1986a000 	C:\WINDOWS\system32\mswsock.dll
0x00007ffb032d0000 - 0x00007ffb032e6000 	C:\Program Files\Java\jdk-17\bin\nio.dll
0x00007ffb02020000 - 0x00007ffb02038000 	C:\Program Files\Java\jdk-17\bin\zip.dll
0x00007ffb01ad0000 - 0x00007ffb01af4000 	F:\MAVEN\apache-maven-3.9.11\lib\jansi-native\Windows\x86_64\jansi.dll
0x00007ffb0ea20000 - 0x00007ffb0ea30000 	C:\Program Files\Java\jdk-17\bin\verify.dll

dbghelp: loaded successfully - version: 4.0.5 - missing functions: none
symbol engine: initialized successfully - sym options: 0x614 - pdb path: .;C:\Program Files\Java\jdk-17\bin;C:\WINDOWS\SYSTEM32;C:\WINDOWS\WinSxS\amd64_microsoft.windows.common-controls_6595b64144ccf1df_6.0.26100.4484_none_3e0e6d4ce32ef3b3;C:\Program Files\Java\jdk-17\bin\server;F:\MAVEN\apache-maven-3.9.11\lib\jansi-native\Windows\x86_64

VM Arguments:
jvm_args: --enable-native-access=ALL-UNNAMED -Dclassworlds.conf=F:\MAVEN\apache-maven-3.9.11\bin\m2.conf -Dmaven.home=F:\MAVEN\apache-maven-3.9.11 -Dlibrary.jansi.path=F:\MAVEN\apache-maven-3.9.11\lib\jansi-native -Dmaven.multiModuleProjectDirectory=F:\STS WORKSPACE\BANK-MS\Loans 
java_command: org.codehaus.plexus.classworlds.launcher.Launcher spring-boot:build-image -DskipTests
java_class_path (initial): F:\MAVEN\apache-maven-3.9.11\boot\plexus-classworlds-2.9.0.jar
Launcher Type: SUN_STANDARD

[Global flags]
     intx CICompilerCount                          = 4                                         {product} {ergonomic}
     uint ConcGCThreads                            = 2                                         {product} {ergonomic}
     uint G1ConcRefinementThreads                  = 8                                         {product} {ergonomic}
   size_t G1HeapRegionSize                         = 1048576                                   {product} {ergonomic}
    uintx GCDrainStackTargetSize                   = 64                                        {product} {ergonomic}
   size_t InitialHeapSize                          = 134217728                                 {product} {ergonomic}
   size_t MarkStackSize                            = 4194304                                   {product} {ergonomic}
   size_t MaxHeapSize                              = 2124414976                                {product} {ergonomic}
   size_t MaxNewSize                               = 1274019840                                {product} {ergonomic}
   size_t MinHeapDeltaBytes                        = 1048576                                   {product} {ergonomic}
   size_t MinHeapSize                              = 8388608                                   {product} {ergonomic}
    uintx NonNMethodCodeHeapSize                   = 5839372                                {pd product} {ergonomic}
    uintx NonProfiledCodeHeapSize                  = 122909434                              {pd product} {ergonomic}
    uintx ProfiledCodeHeapSize                     = 122909434                              {pd product} {ergonomic}
    uintx ReservedCodeCacheSize                    = 251658240                              {pd product} {ergonomic}
     bool SegmentedCodeCache                       = true                                      {product} {ergonomic}
   size_t SoftMaxHeapSize                          = 2124414976                             {manageable} {ergonomic}
     bool UseCompressedClassPointers               = true                           {product lp64_product} {ergonomic}
     bool UseCompressedOops                        = true                           {product lp64_product} {ergonomic}
     bool UseG1GC                                  = true                                      {product} {ergonomic}
     bool UseLargePagesIndividualAllocation        = false                                  {pd product} {ergonomic}

Logging:
Log output configuration:
 #0: stdout all=warning uptime,level,tags
 #1: stderr all=off uptime,level,tags

Environment Variables:
PATH=C:\Program Files\Common Files\Oracle\Java\javapath;C:\WINDOWS\system32;C:\WINDOWS;C:\WINDOWS\System32\Wbem;C:\WINDOWS\System32\WindowsPowerShell\v1.0\;C:\WINDOWS\System32\OpenSSH\;C:\Program Files\nodejs\;C:\Program Files\Java\jdk-17\bin;C:\Program Files\Java\jdk-17;C:\Program Files\MongoDB\Server\8.0\bin;C:\Program Files\Docker\Docker\resources\bin;F:\GIT\Git\cmd;F:\MAVEN\apache-maven-3.9.11\bin;C:\Program Files\MySQL\MySQL Shell 8.0\bin\;C:\Users\Lenovo\AppData\Local\Microsoft\WindowsApps;C:\Program Files\sf\bin;C:\Users\Lenovo\AppData\Local\Programs\Microsoft VS Code\bin;C:\Users\Lenovo\AppData\Roaming\npm;C:\Program Files\Java\jdk-17;F:\MAVEN\apache-maven-3.9.11\bin;
USERNAME=Lenovo
OS=Windows_NT
PROCESSOR_IDENTIFIER=Intel64 Family 6 Model 142 Stepping 10, GenuineIntel



---------------  S Y S T E M  ---------------

OS:
 Windows 11 , 64 bit Build 26100 (10.0.26100.4484)
OS uptime: 47 days 19:48 hours
Hyper-V role detected

CPU: total 8 (initial active 8) (4 cores per cpu, 2 threads per core) family 6 model 142 stepping 10 microcode 0xe0, cx8, cmov, fxsr, ht, mmx, 3dnowpref, sse, sse2, sse3, ssse3, sse4.1, sse4.2, popcnt, lzcnt, tsc, tscinvbit, avx, avx2, aes, erms, clmul, bmi1, bmi2, adx, fma, vzeroupper, clflush, clflushopt, hv

Memory: 4k page, system-wide physical 8101M (2144M free)
TotalPageFile size 23267M (AvailPageFile size 21M)
current process WorkingSet (physical memory assigned to process): 247M, peak: 252M
current process commit charge ("private bytes"): 293M, peak: 297M

vm_info: Java HotSpot(TM) 64-Bit Server VM (17.0.12+8-LTS-286) for windows-amd64 JRE (17.0.12+8-LTS-286), built on Jun  5 2024 06:46:59 by "mach5one" with MS VC++ 17.6 (VS2022)

END.
